{
"contracts\\Funding.sol":{"l":{"13":16,"14":16,"15":16,"19":5,"20":3,"24":3,"25":1,"29":5,"30":3,"34":7,"35":5,"39":15,"40":13,"44":8,"48":3,"49":3,"51":1,"52":1,"56":1,"60":24,"64":13,"65":13},"path":"C:\\Users\\taylo\\OneDrive\\Desktop\\KingslandUniversity\\Blockchain\\Mod4\\Homework\\Exercise5\\contracts\\Funding.sol","s":{"1":16,"2":16,"3":16,"4":5,"5":3,"6":5,"7":7,"8":15,"9":8,"10":3,"11":3,"12":1,"13":1,"14":1,"15":24,"16":13,"17":13},"b":{"1":[3,2],"2":[1,2],"3":[3,2],"4":[5,2],"5":[13,2],"6":[1,2]},"f":{"1":16,"2":5,"3":3,"4":5,"5":7,"6":15,"7":8,"8":3,"9":1,"10":24,"11":13},"fnMap":{"1":{"name":"constructor","line":12,"loc":{"start":{"line":12,"column":4},"end":{"line":16,"column":4}}},"2":{"name":"onlyOwner","line":18,"loc":{"start":{"line":18,"column":4},"end":{"line":21,"column":4}}},"3":{"name":"onlyFunded","line":23,"loc":{"start":{"line":23,"column":4},"end":{"line":26,"column":4}}},"4":{"name":"onlyNotFunded","line":28,"loc":{"start":{"line":28,"column":4},"end":{"line":31,"column":4}}},"5":{"name":"onlyFinished","line":33,"loc":{"start":{"line":33,"column":4},"end":{"line":36,"column":4}}},"6":{"name":"onlyNotFinished","line":38,"loc":{"start":{"line":38,"column":4},"end":{"line":41,"column":4}}},"7":{"name":"isFunded","line":43,"loc":{"start":{"line":43,"column":4},"end":{"line":45,"column":4}}},"8":{"name":"refund","line":47,"loc":{"start":{"line":47,"column":4},"end":{"line":53,"column":4}}},"9":{"name":"withdraw","line":55,"loc":{"start":{"line":55,"column":4},"end":{"line":57,"column":4}}},"10":{"name":"isFinished","line":59,"loc":{"start":{"line":59,"column":4},"end":{"line":61,"column":4}}},"11":{"name":"donate","line":63,"loc":{"start":{"line":63,"column":4},"end":{"line":66,"column":4}}}},"statementMap":{"1":{"start":{"line":13,"column":8},"end":{"line":13,"column":34}},"2":{"start":{"line":14,"column":8},"end":{"line":14,"column":47}},"3":{"start":{"line":15,"column":8},"end":{"line":15,"column":19}},"4":{"start":{"line":19,"column":8},"end":{"line":19,"column":35}},"5":{"start":{"line":24,"column":8},"end":{"line":24,"column":26}},"6":{"start":{"line":29,"column":8},"end":{"line":29,"column":27}},"7":{"start":{"line":34,"column":8},"end":{"line":34,"column":28}},"8":{"start":{"line":39,"column":8},"end":{"line":39,"column":29}},"9":{"start":{"line":44,"column":8},"end":{"line":44,"column":29}},"10":{"start":{"line":48,"column":8},"end":{"line":48,"column":42}},"11":{"start":{"line":49,"column":8},"end":{"line":49,"column":24}},"12":{"start":{"line":51,"column":8},"end":{"line":51,"column":31}},"13":{"start":{"line":52,"column":8},"end":{"line":52,"column":43}},"14":{"start":{"line":56,"column":8},"end":{"line":56,"column":44}},"15":{"start":{"line":60,"column":8},"end":{"line":60,"column":44}},"16":{"start":{"line":64,"column":8},"end":{"line":64,"column":40}},"17":{"start":{"line":65,"column":8},"end":{"line":65,"column":26}}},"branchMap":{"1":{"line":19,"type":"if","locations":[{"start":{"line":19,"column":8},"end":{"line":19,"column":8}},{"start":{"line":19,"column":8},"end":{"line":19,"column":8}}]},"2":{"line":24,"type":"if","locations":[{"start":{"line":24,"column":8},"end":{"line":24,"column":8}},{"start":{"line":24,"column":8},"end":{"line":24,"column":8}}]},"3":{"line":29,"type":"if","locations":[{"start":{"line":29,"column":8},"end":{"line":29,"column":8}},{"start":{"line":29,"column":8},"end":{"line":29,"column":8}}]},"4":{"line":34,"type":"if","locations":[{"start":{"line":34,"column":8},"end":{"line":34,"column":8}},{"start":{"line":34,"column":8},"end":{"line":34,"column":8}}]},"5":{"line":39,"type":"if","locations":[{"start":{"line":39,"column":8},"end":{"line":39,"column":8}},{"start":{"line":39,"column":8},"end":{"line":39,"column":8}}]},"6":{"line":49,"type":"if","locations":[{"start":{"line":49,"column":8},"end":{"line":49,"column":8}},{"start":{"line":49,"column":8},"end":{"line":49,"column":8}}]}}}}
