TN:
SF:C:\Users\taylo\OneDrive\Desktop\KingslandUniversity\Blockchain\Mod4\Homework\Exercise5\contracts\Funding.sol
FN:12,constructor
FN:18,onlyOwner
FN:23,onlyFunded
FN:28,onlyNotFunded
FN:33,onlyFinished
FN:38,onlyNotFinished
FN:43,isFunded
FN:47,refund
FN:55,withdraw
FN:59,isFinished
FN:63,donate
FNF:11
FNH:11
FNDA:16,constructor
FNDA:5,onlyOwner
FNDA:3,onlyFunded
FNDA:5,onlyNotFunded
FNDA:7,onlyFinished
FNDA:15,onlyNotFinished
FNDA:8,isFunded
FNDA:3,refund
FNDA:1,withdraw
FNDA:24,isFinished
FNDA:13,donate
DA:13,16
DA:14,16
DA:15,16
DA:19,5
DA:20,3
DA:24,3
DA:25,1
DA:29,5
DA:30,3
DA:34,7
DA:35,5
DA:39,15
DA:40,13
DA:44,8
DA:48,3
DA:49,3
DA:51,1
DA:52,1
DA:56,1
DA:60,24
DA:64,13
DA:65,13
LF:22
LH:22
BRDA:19,1,0,3
BRDA:19,1,1,2
BRDA:24,2,0,1
BRDA:24,2,1,2
BRDA:29,3,0,3
BRDA:29,3,1,2
BRDA:34,4,0,5
BRDA:34,4,1,2
BRDA:39,5,0,13
BRDA:39,5,1,2
BRDA:49,6,0,1
BRDA:49,6,1,2
BRF:12
BRH:12
end_of_record
